8/17/2006 10:23:54 PMLog file opened
c:\interwques\profile.iiita\adfaqpublish.html Success
Not Success: http://profile.iiita.ac.in/kvenkateswa_is04/666666.html
c:\interwques\profile.iiita\index.html Success
c:\interwques\profile.iiita\images\logo2.jpg Success
Not Success: http://profile.iiita.ac.in/pagead2.googlesyndication.com/pagead/show_ads.js
Not Success: http://profile.iiita.ac.in/kvenkateswa_is04/search.html
Not Success: http://profile.iiita.ac.in/kvenkateswa_is04/forum/index.html
Not Success: http://profile.iiita.ac.in/kvenkateswa_is04/forum/viewforum12a312a3.html?f=2
Not Success: http://profile.iiita.ac.in/kvenkateswa_is04/forum/viewforum4d6b4d6b.html?f=3
Not Success: http://profile.iiita.ac.in/kvenkateswa_is04/forum/viewforum31e631e6.html?f=4
c:\interwques\profile.iiita\pages\0_0.html Success
c:\interwques\profile.iiita\pages\0_1.html Success
c:\interwques\profile.iiita\pages\0_2.html Success
c:\interwques\profile.iiita\pages\0_3.html Success
c:\interwques\profile.iiita\pages\0_4.html Success
c:\interwques\profile.iiita\pages\0_5.html Success
c:\interwques\profile.iiita\pages\0_6.html Success
c:\interwques\profile.iiita\pages\0_7.html Success
c:\interwques\profile.iiita\pages\0_8.html Success
c:\interwques\profile.iiita\pages\0_9.html Success
c:\interwques\profile.iiita\pages\0_10.html Success
c:\interwques\profile.iiita\pages\0_11.html Success
c:\interwques\profile.iiita\pages\0_12.html Success
c:\interwques\profile.iiita\pages\0_13.html Success
c:\interwques\profile.iiita\pages\0_14.html Success
c:\interwques\profile.iiita\pages\0_15.html Success
c:\interwques\profile.iiita\pages\0_16.html Success
c:\interwques\profile.iiita\pages\0_17.html Success
c:\interwques\profile.iiita\pages\0_18.html Success
c:\interwques\profile.iiita\pages\1_0.html Success
c:\interwques\profile.iiita\pages\1_1.html Success
c:\interwques\profile.iiita\pages\1_2.html Success
c:\interwques\profile.iiita\pages\1_3.html Success
c:\interwques\profile.iiita\pages\1_4.html Success
c:\interwques\profile.iiita\pages\1_5.html Success
c:\interwques\profile.iiita\pages\1_6.html Success
c:\interwques\profile.iiita\pages\1_7.html Success
c:\interwques\profile.iiita\pages\1_8.html Success
c:\interwques\profile.iiita\pages\1_9.html Success
c:\interwques\profile.iiita\pages\1_10.html Success
c:\interwques\profile.iiita\pages\1_11.html Success
c:\interwques\profile.iiita\pages\2_0.html Success
c:\interwques\profile.iiita\pages\2_1.html Success
c:\interwques\profile.iiita\pages\2_2.html Success
c:\interwques\profile.iiita\pages\2_3.html Success
c:\interwques\profile.iiita\pages\2_4.html Success
c:\interwques\profile.iiita\pages\2_5.html Success
c:\interwques\profile.iiita\pages\2_6.html Success
c:\interwques\profile.iiita\pages\2_7.html Success
c:\interwques\profile.iiita\pages\2_8.html Success
c:\interwques\profile.iiita\pages\2_9.html Success
c:\interwques\profile.iiita\pages\2_10.html Success
c:\interwques\profile.iiita\pages\2_11.html Success
c:\interwques\profile.iiita\pages\2_12.html Success
c:\interwques\profile.iiita\pages\2_13.html Success
c:\interwques\profile.iiita\pages\2_14.html Success
c:\interwques\profile.iiita\pages\2_15.html Success
c:\interwques\profile.iiita\pages\2_16.html Success
c:\interwques\profile.iiita\pages\2_17.html Success
c:\interwques\profile.iiita\pages\2_18.html Success
c:\interwques\profile.iiita\pages\2_19.html Success
c:\interwques\profile.iiita\pages\2_20.html Success
c:\interwques\profile.iiita\pages\2_21.html Success
c:\interwques\profile.iiita\pages\2_22.html Success
c:\interwques\profile.iiita\pages\2_23.html Success
c:\interwques\profile.iiita\pages\2_24.html Success
c:\interwques\profile.iiita\pages\2_25.html Success
c:\interwques\profile.iiita\pages\2_26.html Success
c:\interwques\profile.iiita\pages\2_27.html Success
c:\interwques\profile.iiita\pages\2_28.html Success
c:\interwques\profile.iiita\pages\2_29.html Success
c:\interwques\profile.iiita\pages\2_30.html Success
c:\interwques\profile.iiita\pages\2_31.html Success
c:\interwques\profile.iiita\pages\2_32.html Success
c:\interwques\profile.iiita\pages\2_33.html Success
c:\interwques\profile.iiita\pages\2_34.html Success
c:\interwques\profile.iiita\pages\2_35.html Success
c:\interwques\profile.iiita\pages\2_36.html Success
c:\interwques\profile.iiita\pages\2_37.html Success
c:\interwques\profile.iiita\pages\2_38.html Success
c:\interwques\profile.iiita\pages\2_39.html Success
c:\interwques\profile.iiita\pages\2_40.html Success
c:\interwques\profile.iiita\pages\2_41.html Success
c:\interwques\profile.iiita\pages\2_42.html Success
c:\interwques\profile.iiita\pages\2_43.html Success
c:\interwques\profile.iiita\pages\2_44.html Success
c:\interwques\profile.iiita\pages\2_45.html Success
c:\interwques\profile.iiita\pages\2_46.html Success
c:\interwques\profile.iiita\pages\2_47.html Success
c:\interwques\profile.iiita\pages\2_48.html Success
c:\interwques\profile.iiita\pages\2_49.html Success
c:\interwques\profile.iiita\pages\2_50.html Success
c:\interwques\profile.iiita\pages\2_51.html Success
c:\interwques\profile.iiita\pages\2_52.html Success
c:\interwques\profile.iiita\pages\2_53.html Success
c:\interwques\profile.iiita\pages\2_54.html Success
c:\interwques\profile.iiita\pages\2_55.html Success
c:\interwques\profile.iiita\pages\2_56.html Success
c:\interwques\profile.iiita\pages\3_0.html Success
c:\interwques\profile.iiita\pages\3_1.html Success
c:\interwques\profile.iiita\pages\3_2.html Success
c:\interwques\profile.iiita\pages\3_3.html Success
c:\interwques\profile.iiita\pages\3_4.html Success
c:\interwques\profile.iiita\pages\3_5.html Success
c:\interwques\profile.iiita\pages\3_6.html Success
c:\interwques\profile.iiita\pages\3_7.html Success
c:\interwques\profile.iiita\pages\3_8.html Success
c:\interwques\profile.iiita\pages\3_9.html Success
c:\interwques\profile.iiita\pages\3_10.html Success
c:\interwques\profile.iiita\pages\3_11.html Success
c:\interwques\profile.iiita\pages\3_12.html Success
c:\interwques\profile.iiita\pages\3_13.html Success
c:\interwques\profile.iiita\pages\3_14.html Success
c:\interwques\profile.iiita\pages\3_15.html Success
c:\interwques\profile.iiita\pages\3_16.html Success
c:\interwques\profile.iiita\pages\3_17.html Success
c:\interwques\profile.iiita\pages\3_18.html Success
c:\interwques\profile.iiita\pages\3_19.html Success
c:\interwques\profile.iiita\pages\3_20.html Success
c:\interwques\profile.iiita\pages\3_21.html Success
c:\interwques\profile.iiita\pages\3_22.html Success
c:\interwques\profile.iiita\pages\3_23.html Success
c:\interwques\profile.iiita\pages\3_24.html Success
c:\interwques\profile.iiita\pages\3_25.html Success
c:\interwques\profile.iiita\pages\3_26.html Success
c:\interwques\profile.iiita\pages\4_0.html Success
c:\interwques\profile.iiita\pages\4_1.html Success
c:\interwques\profile.iiita\pages\4_2.html Success
c:\interwques\profile.iiita\pages\4_3.html Success
c:\interwques\profile.iiita\pages\4_4.html Success
c:\interwques\profile.iiita\pages\4_5.html Success
c:\interwques\profile.iiita\pages\5_0.html Success
c:\interwques\profile.iiita\pages\5_1.html Success
c:\interwques\profile.iiita\pages\5_2.html Success
c:\interwques\profile.iiita\pages\5_3.html Success
c:\interwques\profile.iiita\pages\5_4.html Success
c:\interwques\profile.iiita\pages\6_0.html Success
c:\interwques\profile.iiita\pages\6_1.html Success
c:\interwques\profile.iiita\pages\6_2.html Success
c:\interwques\profile.iiita\pages\6_3.html Success
c:\interwques\profile.iiita\pages\6_4.html Success
c:\interwques\profile.iiita\pages\6_5.html Success
c:\interwques\profile.iiita\pages\6_6.html Success
c:\interwques\profile.iiita\pages\6_7.html Success
c:\interwques\profile.iiita\pages\6_8.html Success
c:\interwques\profile.iiita\pages\6_9.html Success
c:\interwques\profile.iiita\pages\6_10.html Success
c:\interwques\profile.iiita\pages\6_11.html Success
c:\interwques\profile.iiita\pages\6_12.html Success
c:\interwques\profile.iiita\pages\6_13.html Success
c:\interwques\profile.iiita\pages\6_14.html Success
c:\interwques\profile.iiita\pages\6_15.html Success
c:\interwques\profile.iiita\pages\6_16.html Success
c:\interwques\profile.iiita\pages\6_17.html Success
c:\interwques\profile.iiita\pages\6_18.html Success
c:\interwques\profile.iiita\pages\6_19.html Success
c:\interwques\profile.iiita\pages\6_20.html Success
c:\interwques\profile.iiita\pages\7_0.html Success
c:\interwques\profile.iiita\pages\7_1.html Success
c:\interwques\profile.iiita\pages\7_2.html Success
c:\interwques\profile.iiita\pages\7_3.html Success
c:\interwques\profile.iiita\pages\7_4.html Success
c:\interwques\profile.iiita\pages\7_5.html Success
c:\interwques\profile.iiita\pages\7_6.html Success
c:\interwques\profile.iiita\pages\7_7.html Success
c:\interwques\profile.iiita\pages\7_8.html Success
c:\interwques\profile.iiita\pages\7_9.html Success
c:\interwques\profile.iiita\pages\7_10.html Success
c:\interwques\profile.iiita\pages\7_11.html Success
c:\interwques\profile.iiita\pages\7_12.html Success
c:\interwques\profile.iiita\pages\7_13.html Success
c:\interwques\profile.iiita\pages\7_14.html Success
c:\interwques\profile.iiita\pages\8_0.html Success
c:\interwques\profile.iiita\pages\8_1.html Success
c:\interwques\profile.iiita\pages\8_2.html Success
c:\interwques\profile.iiita\pages\8_3.html Success
c:\interwques\profile.iiita\pages\8_4.html Success
c:\interwques\profile.iiita\pages\8_5.html Success
c:\interwques\profile.iiita\pages\8_6.html Success
c:\interwques\profile.iiita\pages\8_7.html Success
c:\interwques\profile.iiita\pages\8_8.html Success
c:\interwques\profile.iiita\pages\8_9.html Success
c:\interwques\profile.iiita\pages\8_10.html Success
c:\interwques\profile.iiita\pages\8_11.html Success
c:\interwques\profile.iiita\pages\8_12.html Success
c:\interwques\profile.iiita\pages\8_13.html Success
c:\interwques\profile.iiita\pages\8_14.html Success
c:\interwques\profile.iiita\pages\8_15.html Success
c:\interwques\profile.iiita\pages\8_16.html Success
c:\interwques\profile.iiita\pages\8_17.html Success
c:\interwques\profile.iiita\pages\8_18.html Success
c:\interwques\profile.iiita\pages\8_19.html Success
c:\interwques\profile.iiita\pages\8_20.html Success
c:\interwques\profile.iiita\pages\8_21.html Success
c:\interwques\profile.iiita\pages\8_22.html Success
c:\interwques\profile.iiita\pages\8_23.html Success
c:\interwques\profile.iiita\pages\9_0.html Success
c:\interwques\profile.iiita\pages\9_1.html Success
c:\interwques\profile.iiita\pages\9_2.html Success
c:\interwques\profile.iiita\pages\9_3.html Success
c:\interwques\profile.iiita\pages\10_0.html Success
c:\interwques\profile.iiita\pages\10_1.html Success
c:\interwques\profile.iiita\pages\10_2.html Success
c:\interwques\profile.iiita\pages\10_3.html Success
c:\interwques\profile.iiita\pages\10_4.html Success
c:\interwques\profile.iiita\pages\10_5.html Success
c:\interwques\profile.iiita\pages\10_6.html Success
c:\interwques\profile.iiita\pages\10_7.html Success
c:\interwques\profile.iiita\pages\10_8.html Success
c:\interwques\profile.iiita\pages\10_9.html Success
c:\interwques\profile.iiita\pages\10_10.html Success
c:\interwques\profile.iiita\pages\11_0.html Success
c:\interwques\profile.iiita\pages\11_1.html Success
c:\interwques\profile.iiita\pages\11_2.html Success
c:\interwques\profile.iiita\pages\11_3.html Success
c:\interwques\profile.iiita\pages\11_4.html Success
c:\interwques\profile.iiita\pages\11_5.html Success
c:\interwques\profile.iiita\pages\11_6.html Success
c:\interwques\profile.iiita\pages\11_7.html Success
c:\interwques\profile.iiita\pages\12_0.html Success
c:\interwques\profile.iiita\pages\12_1.html Success
c:\interwques\profile.iiita\pages\12_2.html Success
c:\interwques\profile.iiita\pages\12_3.html Success
c:\interwques\profile.iiita\pages\13_0.html Success
c:\interwques\profile.iiita\pages\13_1.html Success
c:\interwques\profile.iiita\pages\13_2.html Success
c:\interwques\profile.iiita\pages\14_0.html Success
c:\interwques\profile.iiita\pages\14_1.html Success
c:\interwques\profile.iiita\pages\14_2.html Success
c:\interwques\profile.iiita\pages\14_3.html Success
c:\interwques\profile.iiita\pages\14_4.html Success
c:\interwques\profile.iiita\pages\14_5.html Success
c:\interwques\profile.iiita\pages\15_0.html Success
c:\interwques\profile.iiita\pages\15_1.html Success
c:\interwques\profile.iiita\pages\15_2.html Success
c:\interwques\profile.iiita\pages\16_0.html Success
c:\interwques\profile.iiita\pages\16_1.html Success
c:\interwques\profile.iiita\pages\16_2.html Success
c:\interwques\profile.iiita\pages\16_3.html Success
c:\interwques\profile.iiita\pages\16_4.html Success
c:\interwques\profile.iiita\pages\16_5.html Success
c:\interwques\profile.iiita\pages\16_6.html Success
c:\interwques\profile.iiita\pages\16_7.html Success
c:\interwques\profile.iiita\pages\16_8.html Success
c:\interwques\profile.iiita\pages\16_9.html Success
c:\interwques\profile.iiita\pages\16_10.html Success
c:\interwques\profile.iiita\pages\16_11.html Success
c:\interwques\profile.iiita\pages\16_12.html Success
c:\interwques\profile.iiita\pages\16_13.html Success
c:\interwques\profile.iiita\pages\17_0.html Success
c:\interwques\profile.iiita\pages\17_1.html Success
c:\interwques\profile.iiita\pages\17_2.html Success
c:\interwques\profile.iiita\pages\17_3.html Success
c:\interwques\profile.iiita\pages\18_0.html Success
c:\interwques\profile.iiita\pages\18_1.html Success
c:\interwques\profile.iiita\pages\18_2.html Success
c:\interwques\profile.iiita\pages\18_3.html Success
c:\interwques\profile.iiita\pages\18_4.html Success
c:\interwques\profile.iiita\pages\18_5.html Success
c:\interwques\profile.iiita\pages\18_6.html Success
c:\interwques\profile.iiita\pages\18_7.html Success
c:\interwques\profile.iiita\pages\18_8.html Success
c:\interwques\profile.iiita\pages\18_9.html Success
c:\interwques\profile.iiita\pages\18_10.html Success
c:\interwques\profile.iiita\pages\18_11.html Success
c:\interwques\profile.iiita\pages\18_12.html Success
c:\interwques\profile.iiita\pages\18_13.html Success
c:\interwques\profile.iiita\pages\18_14.html Success
c:\interwques\profile.iiita\pages\18_15.html Success
c:\interwques\profile.iiita\pages\18_16.html Success
c:\interwques\profile.iiita\pages\18_17.html Success
c:\interwques\profile.iiita\pages\18_18.html Success
c:\interwques\profile.iiita\pages\18_19.html Success
c:\interwques\profile.iiita\pages\18_20.html Success
c:\interwques\profile.iiita\pages\18_21.html Success
c:\interwques\profile.iiita\pages\18_22.html Success
c:\interwques\profile.iiita\pages\18_23.html Success
c:\interwques\profile.iiita\pages\18_24.html Success
c:\interwques\profile.iiita\pages\18_25.html Success
c:\interwques\profile.iiita\pages\18_26.html Success
c:\interwques\profile.iiita\pages\19_0.html Success
c:\interwques\profile.iiita\pages\19_1.html Success
c:\interwques\profile.iiita\pages\19_2.html Success
c:\interwques\profile.iiita\pages\19_3.html Success
c:\interwques\profile.iiita\pages\19_4.html Success
c:\interwques\profile.iiita\pages\19_5.html Success
c:\interwques\profile.iiita\pages\19_6.html Success
c:\interwques\profile.iiita\pages\19_7.html Success
c:\interwques\profile.iiita\pages\19_8.html Success
c:\interwques\profile.iiita\pages\19_9.html Success
c:\interwques\profile.iiita\pages\19_10.html Success
c:\interwques\profile.iiita\pages\19_11.html Success
c:\interwques\profile.iiita\pages\19_12.html Success
c:\interwques\profile.iiita\pages\19_13.html Success
c:\interwques\profile.iiita\pages\20_0.html Success
c:\interwques\profile.iiita\pages\20_1.html Success
c:\interwques\profile.iiita\pages\20_2.html Success
c:\interwques\profile.iiita\pages\20_3.html Success
c:\interwques\profile.iiita\pages\20_4.html Success
c:\interwques\profile.iiita\pages\20_5.html Success
c:\interwques\profile.iiita\pages\21_0.html Success
c:\interwques\profile.iiita\pages\22_0.html Success
c:\interwques\profile.iiita\pages\23_0.html Success
c:\interwques\profile.iiita\pages\24_0.html Success
c:\interwques\profile.iiita\pages\25_0.html Success
c:\interwques\profile.iiita\pages\26_0.html Success
c:\interwques\profile.iiita\pages\27_0.html Success
c:\interwques\profile.iiita\pages\28_0.html Success
c:\interwques\profile.iiita\pages\29_0.html Success
c:\interwques\profile.iiita\pages\30_0.html Success
c:\interwques\profile.iiita\pages\31_0.html Success
c:\interwques\profile.iiita\pages\666666.html Success
c:\interwques\profile.iiita\images\started_small_2.gif Success
Not Success: http://profile.iiita.ac.in/www.google.com/logos/Logo_25wht.gif
c:\interwques\profile.iiita\images\300_Questions.gif Success
c:\interwques\profile.iiita\images\40K_Hits.gif Success
Not Success: http://profile.iiita.ac.in/kvenkateswa_is04/images/10000_hits_6.gif
Not Success: http://profile.iiita.ac.in/m1.nedstatbasic.net/basic.js
8/17/2006 10:24:03 PM Parsing complete
